2026-03-16 15:21:33.363159: I tensorflow/core/platform/cpu_feature_guard.cc:142] This TensorFlow binary is optimized with oneAPI Deep Neural Network Library (oneDNN) to use the following CPU instructions in performance-critical operations:  AVX2 AVX512F FMA
To enable them in other operations, rebuild TensorFlow with the appropriate compiler flags.
2026-03-16 15:21:33.499971: I tensorflow/core/common_runtime/gpu/gpu_device.cc:1510] Created device /job:localhost/replica:0/task:0/device:GPU:0 with 46788 MB memory:  -> device: 0, name: NVIDIA L20, pci bus id: 0000:6b:01.0, compute capability: 8.9
2026-03-16 15:22:04.532862: I tensorflow/core/common_runtime/gpu/gpu_device.cc:1510] Created device /job:localhost/replica:0/task:0/device:GPU:0 with 46788 MB memory:  -> device: 0, name: NVIDIA L20, pci bus id: 0000:6b:01.0, compute capability: 8.9
2026-03-16 15:22:15.934794: I tensorflow/stream_executor/cuda/cuda_blas.cc:1760] TensorFloat-32 will be used for the matrix multiplication. This will only be logged once.
Arguments:
  graph: ./meta_graph_2.spec
  batch_size: 1024
  platform: cuda
  output: profile_cuda/meta_graph_2_20260316_152125
Using existing output path: profile_cuda/meta_graph_2_20260316_152125
Using existing frozen graph: ./meta_graph_2_frozen.pb
Configured for CUDA execution. Available devices will be used automatically.
TF Version: 2.6.1
GPU Devices: [PhysicalDevice(name='/physical_device:GPU:0', device_type='GPU')]
Collecting data...
Generating '/tmp/nsys-report-bc55.qdstrm'
[1/1] [0%                          ] nsys_profile.nsys-rep[1/1] [0%                          ] nsys_profile.nsys-rep[1/1] [5%                          ] nsys_profile.nsys-rep[1/1] [6%                          ] nsys_profile.nsys-rep[1/1] [7%                          ] nsys_profile.nsys-rep[1/1] [8%                          ] nsys_profile.nsys-rep[1/1] [10%                         ] nsys_profile.nsys-rep[1/1] [==19%                       ] nsys_profile.nsys-rep[1/1] [====28%                     ] nsys_profile.nsys-rep[1/1] [=======39%                  ] nsys_profile.nsys-rep[1/1] [==========49%               ] nsys_profile.nsys-rep[1/1] [===========50%              ] nsys_profile.nsys-rep[1/1] [========================100%] nsys_profile.nsys-rep[1/1] [========================100%] nsys_profile.nsys-rep
Generated:
	/root/autodl-tmp/tf_graph/profile_cuda/meta_graph_2_20260316_152125/nsys_profile.nsys-rep
